0 info it worked if it ends with ok
1 verbose cli [ '/usr/local/bin/node',
1 verbose cli   '/usr/local/bin/npm',
1 verbose cli   'install',
1 verbose cli   '-g',
1 verbose cli   'bower' ]
2 info using npm@2.15.5
3 info using node@v4.4.5
4 verbose install initial load of /usr/local/lib/package.json
5 verbose readDependencies loading dependencies from /usr/local/lib/package.json
6 silly cache add args [ 'bower', null ]
7 verbose cache add spec bower
8 silly cache add parsed spec Result {
8 silly cache add   raw: 'bower',
8 silly cache add   scope: null,
8 silly cache add   name: 'bower',
8 silly cache add   rawSpec: '',
8 silly cache add   spec: 'latest',
8 silly cache add   type: 'tag' }
9 silly addNamed bower@latest
10 verbose addNamed "latest" is being treated as a dist-tag for bower
11 info addNameTag [ 'bower', 'latest' ]
12 silly mapToRegistry name bower
13 silly mapToRegistry using default registry
14 silly mapToRegistry registry https://registry.npmjs.org/
15 silly mapToRegistry data Result {
15 silly mapToRegistry   raw: 'bower',
15 silly mapToRegistry   scope: null,
15 silly mapToRegistry   name: 'bower',
15 silly mapToRegistry   rawSpec: '',
15 silly mapToRegistry   spec: 'latest',
15 silly mapToRegistry   type: 'tag' }
16 silly mapToRegistry uri https://registry.npmjs.org/bower
17 verbose addNameTag registry:https://registry.npmjs.org/bower not in flight; fetching
18 verbose request uri https://registry.npmjs.org/bower
19 verbose request no auth needed
20 info attempt registry request try #1 at 7:11:24 PM
21 verbose request id b48058e1c4d0b429
22 verbose etag "AGDMM96N55KIQKEY6915Q429O"
23 http request GET https://registry.npmjs.org/bower
24 http 304 https://registry.npmjs.org/bower
25 verbose headers { date: 'Wed, 20 Jul 2016 17:11:24 GMT',
25 verbose headers   via: '1.1 varnish',
25 verbose headers   'cache-control': 'max-age=300',
25 verbose headers   etag: '"AGDMM96N55KIQKEY6915Q429O"',
25 verbose headers   age: '196',
25 verbose headers   connection: 'keep-alive',
25 verbose headers   'x-served-by': 'cache-lhr6326-LHR',
25 verbose headers   'x-cache': 'HIT',
25 verbose headers   'x-cache-hits': '1',
25 verbose headers   'x-timer': 'S1469034684.730861,VS0,VE0',
25 verbose headers   vary: 'Accept-Encoding' }
26 silly get cb [ 304,
26 silly get   { date: 'Wed, 20 Jul 2016 17:11:24 GMT',
26 silly get     via: '1.1 varnish',
26 silly get     'cache-control': 'max-age=300',
26 silly get     etag: '"AGDMM96N55KIQKEY6915Q429O"',
26 silly get     age: '196',
26 silly get     connection: 'keep-alive',
26 silly get     'x-served-by': 'cache-lhr6326-LHR',
26 silly get     'x-cache': 'HIT',
26 silly get     'x-cache-hits': '1',
26 silly get     'x-timer': 'S1469034684.730861,VS0,VE0',
26 silly get     vary: 'Accept-Encoding' } ]
27 verbose etag https://registry.npmjs.org/bower from cache
28 verbose get saving bower to /Users/Pablo/.npm/registry.npmjs.org/bower/.cache.json
29 verbose correctMkdir /Users/Pablo/.npm correctMkdir not in flight; initializing
30 silly addNameTag next cb for bower with tag latest
31 silly addNamed bower@1.7.9
32 verbose addNamed "1.7.9" is a plain semver version for bower
33 silly cache afterAdd bower@1.7.9
34 verbose afterAdd /Users/Pablo/.npm/bower/1.7.9/package/package.json not in flight; writing
35 verbose correctMkdir /Users/Pablo/.npm correctMkdir not in flight; initializing
36 verbose afterAdd /Users/Pablo/.npm/bower/1.7.9/package/package.json written
37 silly install resolved [ { name: 'bower',
37 silly install resolved     version: '1.7.9',
37 silly install resolved     description: 'The browser package manager',
37 silly install resolved     author: { name: 'Twitter' },
37 silly install resolved     license: 'MIT',
37 silly install resolved     repository: { type: 'git', url: 'git+https://github.com/bower/bower.git' },
37 silly install resolved     main: 'lib',
37 silly install resolved     bin: { bower: 'bin/bower' },
37 silly install resolved     homepage: 'http://bower.io',
37 silly install resolved     engines: { node: '>=0.10.0' },
37 silly install resolved     keywords: [ 'bower' ],
37 silly install resolved     files: [ 'bin', 'lib' ],
37 silly install resolved     bugs: { url: 'https://github.com/bower/bower/issues' },
37 silly install resolved     _id: 'bower@1.7.9',
37 silly install resolved     scripts: {},
37 silly install resolved     _shasum: 'b7296c2393e0d75edaa6ca39648132dd255812b0',
37 silly install resolved     _from: 'bower@latest',
37 silly install resolved     _npmVersion: '3.7.3',
37 silly install resolved     _nodeVersion: '5.9.0',
37 silly install resolved     _npmUser: { name: 'sheerun', email: 'sheerun@sher.pl' },
37 silly install resolved     dist:
37 silly install resolved      { shasum: 'b7296c2393e0d75edaa6ca39648132dd255812b0',
37 silly install resolved        tarball: 'https://registry.npmjs.org/bower/-/bower-1.7.9.tgz' },
37 silly install resolved     maintainers:
37 silly install resolved      [ [Object],
37 silly install resolved        [Object],
37 silly install resolved        [Object],
37 silly install resolved        [Object],
37 silly install resolved        [Object],
37 silly install resolved        [Object],
37 silly install resolved        [Object] ],
37 silly install resolved     _npmOperationalInternal:
37 silly install resolved      { host: 'packages-12-west.internal.npmjs.com',
37 silly install resolved        tmp: 'tmp/bower-1.7.9.tgz_1459857239351_0.9720134933013469' },
37 silly install resolved     directories: {},
37 silly install resolved     _resolved: 'https://registry.npmjs.org/bower/-/bower-1.7.9.tgz',
37 silly install resolved     readme: 'ERROR: No README data found!' } ]
38 info install bower@1.7.9 into /usr/local/lib
39 info installOne bower@1.7.9
40 verbose installOne of bower to /usr/local/lib not in flight; installing
41 verbose correctMkdir /Users/Pablo/.npm/_locks correctMkdir not in flight; initializing
42 verbose lock using /Users/Pablo/.npm/_locks/bower-e8debc5417026b57.lock for /usr/local/lib/node_modules/bower
43 silly install write writing bower 1.7.9 to /usr/local/lib/node_modules/bower
44 verbose unbuild lib/node_modules/bower
45 silly gentlyRm /usr/local/lib/node_modules/bower is being purged from base /usr/local
46 verbose gentlyRm don't care about contents; nuking /usr/local/lib/node_modules/bower
47 verbose tar unpack /Users/Pablo/.npm/bower/1.7.9/package.tgz
48 verbose tar unpacking to /usr/local/lib/node_modules/bower
49 silly gentlyRm /usr/local/lib/node_modules/bower is being purged
50 verbose gentlyRm don't care about contents; nuking /usr/local/lib/node_modules/bower
51 silly gunzTarPerm modes [ '755', '644' ]
52 error tar.unpack untar error /Users/Pablo/.npm/bower/1.7.9/package.tgz
53 verbose unlock done using /Users/Pablo/.npm/_locks/bower-e8debc5417026b57.lock for /usr/local/lib/node_modules/bower
54 verbose fstream_path /usr/local/lib/node_modules/bower
55 verbose fstream_type Directory
56 verbose fstream_class DirWriter
57 verbose stack Error: EACCES: permission denied, mkdir '/usr/local/lib/node_modules/bower'
57 verbose stack     at Error (native)
58 verbose fstream_stack /usr/local/lib/node_modules/npm/node_modules/fstream/lib/dir-writer.js:35:25
58 verbose fstream_stack /usr/local/lib/node_modules/npm/node_modules/mkdirp/index.js:47:53
58 verbose fstream_stack FSReqWrap.oncomplete (fs.js:82:15)
59 verbose cwd /Users/Pablo/Desktop/musci/musci_project
60 error Darwin 14.0.0
61 error argv "/usr/local/bin/node" "/usr/local/bin/npm" "install" "-g" "bower"
62 error node v4.4.5
63 error npm  v2.15.5
64 error path /usr/local/lib/node_modules/bower
65 error code EACCES
66 error errno -13
67 error syscall mkdir
68 error Error: EACCES: permission denied, mkdir '/usr/local/lib/node_modules/bower'
68 error     at Error (native)
68 error  { [Error: EACCES: permission denied, mkdir '/usr/local/lib/node_modules/bower']
68 error   errno: -13,
68 error   code: 'EACCES',
68 error   syscall: 'mkdir',
68 error   path: '/usr/local/lib/node_modules/bower',
68 error   fstream_type: 'Directory',
68 error   fstream_path: '/usr/local/lib/node_modules/bower',
68 error   fstream_class: 'DirWriter',
68 error   fstream_stack:
68 error    [ '/usr/local/lib/node_modules/npm/node_modules/fstream/lib/dir-writer.js:35:25',
68 error      '/usr/local/lib/node_modules/npm/node_modules/mkdirp/index.js:47:53',
68 error      'FSReqWrap.oncomplete (fs.js:82:15)' ] }
69 error Please try running this command again as root/Administrator.
70 verbose exit [ -13, true ]
71 verbose unbuild lib/node_modules/bower
72 silly gentlyRm /usr/local/lib/node_modules/bower is being purged from base /usr/local
73 verbose gentlyRm don't care about contents; nuking /usr/local/lib/node_modules/bower
